13:16:37.440 INFO  - Processing command line option -hwspec C:/xup/embedded/labs/lab1/lab1.sdk/SDK/SDK_Export/hw/system.xml. 
13:23:13.086 INFO  - Processor reset is completed for ps7_cortexa9_0 
13:23:13.195 INFO  - PS initialization will be done as it is not done before. 
13:23:13.195 INFO  - Running PS initialization.... 
13:23:13.507 INFO  - ps7_init is completed. 
13:23:13.617 INFO  - PS Initialization is complete. 
13:25:51.725 ERROR - Unexpected error while parsing XMD response ?: com.google.gson.JsonSyntaxException: com.google.gson.stream.MalformedJsonException: invalid number or unquoted string near  
07:35:54.492 INFO  - Processing command line option -hwspec C:/xup/embedded/labs/lab2/lab2.sdk/SDK/SDK_Export/hw/system.xml. 
07:35:54.738 INFO  - The hardware specification for project 'hw_platform_0' is different from C:/xup/embedded/labs/lab2/lab2.sdk/SDK/SDK_Export/hw/system.xml. 
07:35:54.776 INFO  - Copied contents of C:/xup/embedded/labs/lab2/lab2.sdk/SDK/SDK_Export/hw/system.xml into \hw_platform_0\system.xml. 
07:35:54.792 INFO  - Copied contents of C:\xup\embedded\labs\lab2\lab2.sdk\SDK\SDK_Export\hw\system_wrapper.bit into \hw_platform_0\system.bit. 
07:35:54.990 INFO  - Copied contents of C:\xup\embedded\labs\lab2\lab2.sdk\SDK\SDK_Export\hw\ps7_init.c into \hw_platform_0\ps7_init.c. 
07:35:55.004 INFO  - Copied contents of C:\xup\embedded\labs\lab2\lab2.sdk\SDK\SDK_Export\hw\ps7_init.h into \hw_platform_0\ps7_init.h. 
07:35:55.053 INFO  - Copied contents of C:\xup\embedded\labs\lab2\lab2.sdk\SDK\SDK_Export\hw\ps7_init.html into \hw_platform_0\ps7_init.html. 
07:35:55.055 INFO  - Copied contents of C:\xup\embedded\labs\lab2\lab2.sdk\SDK\SDK_Export\hw\ps7_summary.html into \hw_platform_0\ps7_summary.html. 
07:35:55.068 INFO  - Copied contents of C:\xup\embedded\labs\lab2\lab2.sdk\SDK\SDK_Export\hw\ps7_init.tcl into \hw_platform_0\ps7_init.tcl. 
07:35:55.262 INFO  - Synchronizing projects in the workspace with the hardware platform specification changes. 
07:35:56.677 INFO  - Updating MSS for Board Support Package Project: mem_test_bsp.
		 The following new driver assignments were made:
			Peripheral Instance: btns_4bit, driver: gpio_v3_01_a.
			Peripheral Instance: sw_4bit, driver: gpio_v3_01_a.
 
07:36:21.342 INFO  - Updating hardware inferred compiler options for mem_test. 
07:36:21.347 INFO  - Clearing existing target manager status. 
07:36:23.720 INFO  - Closing and re-opening the MSS file of ther project mem_test_bsp 
07:36:25.491 INFO  - Workspace synchronized with the new hardware specification file. Cleaning dependent projects... 
07:54:26.039 INFO  - FPGA configured successfully with bitstream "C:/xup/embedded/labs/lab2/lab2.sdk/SDK/SDK_Export/hw_platform_0/system.bit" 
07:54:55.017 INFO  - Processor reset is completed for ps7_cortexa9_0 
07:54:55.117 INFO  - PS initialization will be done as it is not done before. 
07:54:55.117 INFO  - Running PS initialization.... 
07:54:55.275 INFO  - ps7_init is completed. 
07:54:55.375 INFO  - ps7_post_config is completed. 
07:54:55.475 INFO  - PS Initialization is complete. 
08:04:35.543 ERROR - Unexpected error while parsing XMD response ?: com.google.gson.JsonSyntaxException: com.google.gson.stream.MalformedJsonException: invalid number or unquoted string near  
15:11:31.503 INFO  - Processing command line option -hwspec C:/Users/Administrator/Desktop/lab4/lab4.sdk/SDK/SDK_Export/hw/system.xml. 
15:11:34.461 INFO  - The hardware specification for project 'hw_platform_0' is different from C:/Users/Administrator/Desktop/lab4/lab4.sdk/SDK/SDK_Export/hw/system.xml. 
15:11:34.542 INFO  - Copied contents of C:/Users/Administrator/Desktop/lab4/lab4.sdk/SDK/SDK_Export/hw/system.xml into \hw_platform_0\system.xml. 
15:11:34.560 INFO  - Copied contents of C:\Users\Administrator\Desktop\lab4\lab4.sdk\SDK\SDK_Export\hw\system_wrapper.bit into \hw_platform_0\system_wrapper.bit. 
15:11:34.564 INFO  - Copied contents of C:\Users\Administrator\Desktop\lab4\lab4.sdk\SDK\SDK_Export\hw\system_wrapper_bd.bmm into \hw_platform_0\system_bd.bmm. 
15:11:38.779 INFO  - Copied contents of C:\Users\Administrator\Desktop\lab4\lab4.sdk\SDK\SDK_Export\hw\ps7_init.c into \hw_platform_0\ps7_init.c. 
15:11:38.781 INFO  - Copied contents of C:\Users\Administrator\Desktop\lab4\lab4.sdk\SDK\SDK_Export\hw\ps7_init.h into \hw_platform_0\ps7_init.h. 
15:11:38.787 INFO  - Copied contents of C:\Users\Administrator\Desktop\lab4\lab4.sdk\SDK\SDK_Export\hw\ps7_init.html into \hw_platform_0\ps7_init.html. 
15:11:38.789 INFO  - Copied contents of C:\Users\Administrator\Desktop\lab4\lab4.sdk\SDK\SDK_Export\hw\ps7_summary.html into \hw_platform_0\ps7_summary.html. 
15:11:38.790 INFO  - Copied contents of C:\Users\Administrator\Desktop\lab4\lab4.sdk\SDK\SDK_Export\hw\ps7_init.tcl into \hw_platform_0\ps7_init.tcl. 
15:11:39.059 INFO  - Synchronizing projects in the workspace with the hardware platform specification changes. 
15:11:41.657 ERROR - Exception while attemping to 'diff' files C:\Users\Administrator\Desktop\lab4\lab4.sdk\SDK\SDK_Export\hw_platform_0\system_wrapper_bd.bmm and C:\Users\Administrator\Desktop\lab4\lab4.sdk\SDK\SDK_Export\hw\system_wrapper_bd.bmm. 
15:11:41.657 INFO  - Updating .bit and .bmm files from XPS's export folder. 
15:11:44.084 INFO  - Updating MSS for Board Support Package Project: standalone_bsp_0.
		 The following new driver assignments were made:
			Peripheral Instance: axi_bram_ctrl_0, driver: bram_v3_03_a.
			Peripheral Instance: led_ip, driver: generic_v1_00_a.
 
15:12:39.475 INFO  - Copied contents of C:\Users\Administrator\Desktop\lab4\lab4.sdk\SDK\SDK_Export\hw\system_wrapper.bit into \hw_platform_0\system_wrapper.bit. 
15:12:39.479 INFO  - Copied contents of C:\Users\Administrator\Desktop\lab4\lab4.sdk\SDK\SDK_Export\hw\system_wrapper_bd.bmm into \hw_platform_0\system_wrapper_bd.bmm. 
15:12:40.329 INFO  - Updating hardware inferred compiler options for TestApp. 
15:12:40.406 INFO  - Clearing existing target manager status. 
15:12:44.457 ERROR - Unexpected error while obtaining referenced S/W project {} org.eclipse.core.internal.resources.ResourceException: Resource '/mem_test' is not open.
	at org.eclipse.core.internal.resources.Project.checkAccessible(Project.java:150)
	at org.eclipse.core.internal.resources.Project.getReferencedProjects(Project.java:521)

15:12:44.458 ERROR - Unexpected error while obtaining referenced S/W project {} org.eclipse.core.internal.resources.ResourceException: Resource '/mem_test_bsp' is not open.
	at org.eclipse.core.internal.resources.Project.checkAccessible(Project.java:150)
	at org.eclipse.core.internal.resources.Project.getReferencedProjects(Project.java:521)

15:55:51.310 INFO  - Saving repository preferences. 
15:55:51.310 INFO  - Reading in cores from local repositories: 
		 C:\Users\Administrator\Desktop\lab4\led_ip\led_ip_1.0 
15:55:51.326 INFO  - Updating libgen.options on all BSP projects. 
15:55:51.326 INFO  - Cleaning BSP projects in the workspace. 
15:58:10.369 INFO  - Settings changed on project standalone_bsp_0. Triggering a rebuild... 
15:58:11.149 INFO  - Refreshed build settings on project lab4 
16:22:58.525 INFO  - FPGA configured successfully with bitstream "C:/Users/Administrator/Desktop/lab4/lab4.sdk/SDK/SDK_Export/hw_platform_0/system_wrapper.bit" 
16:23:42.922 INFO  - Processor reset is completed for ps7_cortexa9_0 
16:23:43.032 INFO  - PS initialization will be done as it is not done before. 
16:23:43.032 INFO  - Running PS initialization.... 
16:23:43.266 INFO  - ps7_init is completed. 
16:23:43.375 INFO  - ps7_post_config is completed. 
16:23:43.484 INFO  - PS Initialization is complete. 
16:27:23.074 INFO  - Successfully generated C:\Users\Administrator\Desktop\1.ld. 
16:28:59.343 INFO  - Processor reset is completed for ps7_cortexa9_0 
16:31:36.064 INFO  - Processor reset is completed for ps7_cortexa9_0 
16:33:40.882 INFO  - Successfully generated C:\Users\Administrator\Desktop\2.ld. 
16:34:04.687 INFO  - Processor reset is completed for ps7_cortexa9_0 
16:36:52.534 ERROR - Unexpected error while parsing XMD response ?: com.google.gson.JsonSyntaxException: com.google.gson.stream.MalformedJsonException: invalid number or unquoted string near  
